1.Написать сервис, который будет раз в 30 секунд мониторить лог на предмет наличия ключевого слова. Файл и слово должны задаваться в /etc/sysconfig

root@otssTestServer:/home/lx/git/test# vagrant ssh
[vagrant@vm-gkuOA1801016 ~]$ sudo -i
[root@vm-gkuOA1801016 ~]# cat << EOF > /etc/sysconfig/watchlog
> # Configuration file for my watchdog service
> # Place it to /etc/sysconfig
> # File and word in that file that we will be monit
> WORD="ALERT"
> LOG=/var/log/watchlog.log
> EOF
[root@vm-gkuOA1801016 ~]# cat << EOF > /opt/watchlog.sh
> #!/bin/bash
> WORD=\$1
> LOG=\$2
> DATE=\`date\`
> if grep \$WORD \$LOG &> /dev/null
> then
>   logger "\$DATE: I found word, Master!"
> else
>   exit 0
> fi
> EOF
[root@vm-gkuOA1801016 ~]# chmod +x /opt/watchlog.sh
[root@vm-gkuOA1801016 ~]# cat << EOF > /usr/lib/systemd/system/watchlog.service
> [Unit]
> Description=My watchlog service
>
> [Service]
> Type=oneshot
> EnvironmentFile=/etc/sysconfig/watchlog
> ExecStart=/opt/watchlog.sh \$WORD \$LOG
> EOF
[root@vm-gkuOA1801016 ~]# cat << EOF > /usr/lib/systemd/system/watchlog.timer
> [Unit]
> Description=Run watchlog script every 30 second
>
> [Timer]
> # Run every 30 second
> OnUnitActiveSec=30
> Unit=watchlog.service
>
> [Install]
> WantedBy=multi-user.target
> EOF
[root@vm-gkuOA1801016 ~]# vi /var/log/watchlog.log
[root@vm-gkuOA1801016 ~]# systemctl start watchlog.timer
[root@vm-gkuOA1801016 ~]# tail -f /var/log/messages
Sep 19 10:10:24 vm-gkuOA1801016 systemd: Starting My watchlog service...
Sep 19 10:10:25 vm-gkuOA1801016 root: Sun Sep 19 10:10:24 UTC 2021: I found word, Master!
Sep 19 10:10:25 vm-gkuOA1801016 systemd: Started My watchlog service.
Sep 19 10:11:25 vm-gkuOA1801016 systemd: Starting My watchlog service...
Sep 19 10:11:25 vm-gkuOA1801016 root: Sun Sep 19 10:11:25 UTC 2021: I found word, Master!
Sep 19 10:11:25 vm-gkuOA1801016 systemd: Started My watchlog service.
Sep 19 10:12:35 vm-gkuOA1801016 systemd: Starting My watchlog service...
Sep 19 10:12:35 vm-gkuOA1801016 root: Sun Sep 19 10:12:35 UTC 2021: I found word, Master!
Sep 19 10:12:35 vm-gkuOA1801016 systemd: Started My watchlog service.
Sep 19 10:13:35 vm-gkuOA1801016 systemd: Starting My watchlog service...
Sep 19 10:13:35 vm-gkuOA1801016 root: Sun Sep 19 10:13:35 UTC 2021: I found word, Master!
Sep 19 10:13:35 vm-gkuOA1801016 systemd: Started My watchlog service.

-----------------------------------------------------------------------------------------------------------
2.Из epel установить spawn-fcgi и переписать init-скрипт на unit-файл. Имя сервиса должно также называться.

[root@vm-gkuOA1801016 ~]# yum install epel-release -y && yum install spawn-fcgi php php-cli
Failed to set locale, defaulting to C
Loaded plugins: fastestmirror
Loading mirror speeds from cached hostfile
 * base: mirror.corbina.net
 * extras: mirror.corbina.net
 * updates: mirror.corbina.net
Resolving Dependencies
--> Running transaction check
---> Package epel-release.noarch 0:7-11 will be installed
--> Finished Dependency Resolution

Dependencies Resolved

=============================================================================================================================================================
 Package                                   Arch                                Version                             Repository                           Size
=============================================================================================================================================================
Installing:
 epel-release                              noarch                              7-11                                extras                               15 k

Transaction Summary
=============================================================================================================================================================
Install  1 Package

Total download size: 15 k
Installed size: 24 k
Downloading packages:
epel-release-7-11.noarch.rpm                                                                                                          |  15 kB  00:00:00
Running transaction check
Running transaction test
Transaction test succeeded
Running transaction
  Installing : epel-release-7-11.noarch                                                                                                                  1/1
  Verifying  : epel-release-7-11.noarch                                                                                                                  1/1

Installed:
  epel-release.noarch 0:7-11

Complete!
Failed to set locale, defaulting to C
Loaded plugins: fastestmirror
Loading mirror speeds from cached hostfile
epel/x86_64/metalink                                                                                                                  |  16 kB  00:00:00
 * base: mirror.corbina.net
 * epel: mirror.nsc.liu.se
 * extras: mirror.corbina.net
 * updates: mirror.corbina.net
epel                                                                                                                                  | 4.7 kB  00:00:00
(1/3): epel/x86_64/group_gz                                                                                                           |  96 kB  00:00:00
(2/3): epel/x86_64/updateinfo                                                                                                         | 1.0 MB  00:00:00
(3/3): epel/x86_64/primary_db                                                                                                         | 7.0 MB  00:00:01
Resolving Dependencies
--> Running transaction check
---> Package php.x86_64 0:5.4.16-48.el7 will be installed
--> Processing Dependency: php-common(x86-64) = 5.4.16-48.el7 for package: php-5.4.16-48.el7.x86_64
--> Processing Dependency: httpd-mmn = 20120211x8664 for package: php-5.4.16-48.el7.x86_64
--> Processing Dependency: httpd for package: php-5.4.16-48.el7.x86_64
---> Package php-cli.x86_64 0:5.4.16-48.el7 will be installed
---> Package spawn-fcgi.x86_64 0:1.6.3-5.el7 will be installed
--> Running transaction check
---> Package httpd.x86_64 0:2.4.6-97.el7.centos will be installed
--> Processing Dependency: httpd-tools = 2.4.6-97.el7.centos for package: httpd-2.4.6-97.el7.centos.x86_64
--> Processing Dependency: system-logos >= 7.92.1-1 for package: httpd-2.4.6-97.el7.centos.x86_64
--> Processing Dependency: /etc/mime.types for package: httpd-2.4.6-97.el7.centos.x86_64
--> Processing Dependency: libaprutil-1.so.0()(64bit) for package: httpd-2.4.6-97.el7.centos.x86_64
--> Processing Dependency: libapr-1.so.0()(64bit) for package: httpd-2.4.6-97.el7.centos.x86_64
---> Package php-common.x86_64 0:5.4.16-48.el7 will be installed
--> Processing Dependency: libzip.so.2()(64bit) for package: php-common-5.4.16-48.el7.x86_64
--> Running transaction check
---> Package apr.x86_64 0:1.4.8-7.el7 will be installed
---> Package apr-util.x86_64 0:1.5.2-6.el7 will be installed
---> Package centos-logos.noarch 0:70.0.6-3.el7.centos will be installed
---> Package httpd-tools.x86_64 0:2.4.6-97.el7.centos will be installed
---> Package libzip.x86_64 0:0.10.1-8.el7 will be installed
---> Package mailcap.noarch 0:2.1.41-2.el7 will be installed
--> Finished Dependency Resolution

Dependencies Resolved

=============================================================================================================================================================
 Package                               Arch                            Version                                        Repository                        Size
=============================================================================================================================================================
Installing:
 php                                   x86_64                          5.4.16-48.el7                                  base                             1.4 M
 php-cli                               x86_64                          5.4.16-48.el7                                  base                             2.7 M
 spawn-fcgi                            x86_64                          1.6.3-5.el7                                    epel                              18 k
Installing for dependencies:
 apr                                   x86_64                          1.4.8-7.el7                                    base                             104 k
 apr-util                              x86_64                          1.5.2-6.el7                                    base                              92 k
 centos-logos                          noarch                          70.0.6-3.el7.centos                            base                              21 M
 httpd                                 x86_64                          2.4.6-97.el7.centos                            updates                          2.7 M
 httpd-tools                           x86_64                          2.4.6-97.el7.centos                            updates                           93 k
 libzip                                x86_64                          0.10.1-8.el7                                   base                              48 k
 mailcap                               noarch                          2.1.41-2.el7                                   base                              31 k
 php-common                            x86_64                          5.4.16-48.el7                                  base                             565 k

Transaction Summary
=============================================================================================================================================================
Install  3 Packages (+8 Dependent packages)

Total download size: 29 M
Installed size: 49 M
Is this ok [y/d/N]: y
Is this ok [y/d/N]: y
Downloading packages:
(1/11): apr-1.4.8-7.el7.x86_64.rpm                                                                                                    | 104 kB  00:00:00
(2/11): httpd-tools-2.4.6-97.el7.centos.x86_64.rpm                                                                                    |  93 kB  00:00:00
(3/11): libzip-0.10.1-8.el7.x86_64.rpm                                                                                                |  48 kB  00:00:00
(4/11): apr-util-1.5.2-6.el7.x86_64.rpm                                                                                               |  92 kB  00:00:00
(5/11): mailcap-2.1.41-2.el7.noarch.rpm                                                                                               |  31 kB  00:00:00
(6/11): php-cli-5.4.16-48.el7.x86_64.rpm                                                                                              | 2.7 MB  00:00:00
(7/11): php-5.4.16-48.el7.x86_64.rpm                                                                                                  | 1.4 MB  00:00:00
(8/11): php-common-5.4.16-48.el7.x86_64.rpm                                                                                           | 565 kB  00:00:00
warning: /var/cache/yum/x86_64/7/epel/packages/spawn-fcgi-1.6.3-5.el7.x86_64.rpm: Header V3 RSA/SHA256 Signature, key ID 352c64e5: NOKEY 10 MB  00:00:02 ETA
Public key for spawn-fcgi-1.6.3-5.el7.x86_64.rpm is not installed
(9/11): spawn-fcgi-1.6.3-5.el7.x86_64.rpm                                                                                             |  18 kB  00:00:00
(10/11): centos-logos-70.0.6-3.el7.centos.noarch.rpm                                                                                  |  21 MB  00:00:03
(11/11): httpd-2.4.6-97.el7.centos.x86_64.rpm                                                                                         | 2.7 MB  00:00:03
-------------------------------------------------------------------------------------------------------------------------------------------------------------
Total                                                                                                                        7.4 MB/s |  29 MB  00:00:03
Retrieving key from file:///etc/pki/rpm-gpg/RPM-GPG-KEY-EPEL-7
Importing GPG key 0x352C64E5:
 Userid     : "Fedora EPEL (7) <epel@fedoraproject.org>"
 Fingerprint: 91e9 7d7c 4a5e 96f1 7f3e 888f 6a2f aea2 352c 64e5
 Package    : epel-release-7-11.noarch (@extras)
 From       : /etc/pki/rpm-gpg/RPM-GPG-KEY-EPEL-7
Is this ok [y/N]: y
Running transaction check
Running transaction test
Transaction test succeeded
Running transaction
  Installing : apr-1.4.8-7.el7.x86_64                                                                                                                   1/11
  Installing : apr-util-1.5.2-6.el7.x86_64                                                                                                              2/11
  Installing : httpd-tools-2.4.6-97.el7.centos.x86_64                                                                                                   3/11
  Installing : centos-logos-70.0.6-3.el7.centos.noarch                                                                                                  4/11
  Installing : libzip-0.10.1-8.el7.x86_64                                                                                                               5/11
  Installing : php-common-5.4.16-48.el7.x86_64                                                                                                          6/11
  Installing : php-cli-5.4.16-48.el7.x86_64                                                                                                             7/11
  Installing : mailcap-2.1.41-2.el7.noarch                                                                                                              8/11
  Installing : httpd-2.4.6-97.el7.centos.x86_64                                                                                                         9/11
  Installing : php-5.4.16-48.el7.x86_64                                                                                                                10/11
  Installing : spawn-fcgi-1.6.3-5.el7.x86_64                                                                                                           11/11
  Verifying  : spawn-fcgi-1.6.3-5.el7.x86_64                                                                                                            1/11
  Verifying  : mailcap-2.1.41-2.el7.noarch                                                                                                              2/11
  Verifying  : apr-1.4.8-7.el7.x86_64                                                                                                                   3/11
  Verifying  : php-cli-5.4.16-48.el7.x86_64                                                                                                             4/11
  Verifying  : apr-util-1.5.2-6.el7.x86_64                                                                                                              5/11
  Verifying  : httpd-2.4.6-97.el7.centos.x86_64                                                                                                         6/11
  Verifying  : libzip-0.10.1-8.el7.x86_64                                                                                                               7/11
  Verifying  : httpd-tools-2.4.6-97.el7.centos.x86_64                                                                                                   8/11
  Verifying  : php-common-5.4.16-48.el7.x86_64                                                                                                          9/11
  Verifying  : php-5.4.16-48.el7.x86_64                                                                                                                10/11
  Verifying  : centos-logos-70.0.6-3.el7.centos.noarch                                                                                                 11/11

Installed:
  php.x86_64 0:5.4.16-48.el7                       php-cli.x86_64 0:5.4.16-48.el7                       spawn-fcgi.x86_64 0:1.6.3-5.el7

Dependency Installed:
  apr.x86_64 0:1.4.8-7.el7                   apr-util.x86_64 0:1.5.2-6.el7   centos-logos.noarch 0:70.0.6-3.el7.centos   httpd.x86_64 0:2.4.6-97.el7.centos
  httpd-tools.x86_64 0:2.4.6-97.el7.centos   libzip.x86_64 0:0.10.1-8.el7    mailcap.noarch 0:2.1.41-2.el7               php-common.x86_64 0:5.4.16-48.el7

Complete!
[root@vm-gkuOA1801016 ~]# nano /etc/sysconfig/spawn-fcgi
[root@vm-gkuOA1801016 ~]# cat /etc/sysconfig/spawn-fcgi
# You must set some working options before the "spawn-fcgi" service will work.
# If SOCKET points to a file, then this file is cleaned up by the init script.
#
# See spawn-fcgi(1) for all possible options.
#
# Example :
SOCKET=/var/run/php-fcgi.sock
OPTIONS="-u apache -g apache -s $SOCKET -S -M 0600 -C 32 -F 1 -P /var/run/spawn-fcgi.pid -- /usr/bin/php-cgi"

[root@vm-gkuOA1801016 ~]# cat << EOF > /etc/systemd/system/spawn-fcgi.service
> [Unit]
> Description=Spawn-fcgi startup service by Otus
> After=network.target
> 
> [Service]
> Type=simple
> PIDFile=/var/run/spawn-fcgi.pid
> EnvironmentFile=/etc/sysconfig/spawn-fcgi
> ExecStart=/usr/bin/spawn-fcgi -n \$OPTIONS
> KillMode=process
> 
> [Install]
> WantedBy=multi-user.target
> EOF
[root@vm-gkuOA1801016 ~]# systemctl start spawn-fcgi
[root@vm-gkuOA1801016 ~]# ^start^status
systemctl status spawn-fcgi
● spawn-fcgi.service - Spawn-fcgi startup service by Otus
   Loaded: loaded (/etc/systemd/system/spawn-fcgi.service; disabled; vendor preset: disabled)
   Active: active (running) since Sun 2021-09-19 10:38:49 UTC; 10s ago
 Main PID: 21880 (php-cgi)
   CGroup: /system.slice/spawn-fcgi.service
           ├─21880 /usr/bin/php-cgi
           ├─21881 /usr/bin/php-cgi
           ├─21882 /usr/bin/php-cgi
           ├─21883 /usr/bin/php-cgi
           ├─21884 /usr/bin/php-cgi
           ├─21885 /usr/bin/php-cgi
           ├─21886 /usr/bin/php-cgi
           ├─21887 /usr/bin/php-cgi
           ├─21888 /usr/bin/php-cgi
           ├─21889 /usr/bin/php-cgi
           ├─21890 /usr/bin/php-cgi
           ├─21891 /usr/bin/php-cgi
           ├─21892 /usr/bin/php-cgi
           ├─21893 /usr/bin/php-cgi
           ├─21894 /usr/bin/php-cgi
           ├─21895 /usr/bin/php-cgi
           ├─21896 /usr/bin/php-cgi
           ├─21897 /usr/bin/php-cgi
           ├─21898 /usr/bin/php-cgi
           ├─21899 /usr/bin/php-cgi
           ├─21900 /usr/bin/php-cgi
           ├─21901 /usr/bin/php-cgi
           ├─21902 /usr/bin/php-cgi
           ├─21903 /usr/bin/php-cgi
           ├─21904 /usr/bin/php-cgi
           ├─21905 /usr/bin/php-cgi
           ├─21906 /usr/bin/php-cgi
           ├─21907 /usr/bin/php-cgi
           ├─21908 /usr/bin/php-cgi
           ├─21909 /usr/bin/php-cgi
           ├─21910 /usr/bin/php-cgi
           ├─21911 /usr/bin/php-cgi
           └─21912 /usr/bin/php-cgi

Sep 19 10:38:49 vm-gkuOA1801016.kontur systemd[1]: Started Spawn-fcgi startup service by Otus.

-----------------------------------------------------------------------------------------------------------
3.Дополнить юнит-файл apache httpd возможностью запустить несколько инстансов сервера с разными конфигами

[root@vm-gkuOA1801016 ~]# nano /usr/lib/systemd/system/httpd.service
[root@vm-gkuOA1801016 ~]# mv /usr/lib/systemd/system/httpd.service /usr/lib/systemd/system/httpd@.service
[root@vm-gkuOA1801016 ~]# nano /etc/sysconfig/httpd-first
[root@vm-gkuOA1801016 ~]# nano /etc/sysconfig/httpd-second
[root@vm-gkuOA1801016 ~]# cat /etc/sysconfig/httpd-*
OPTIONS=-f conf/first.conf
OPTIONS=-f conf/second.conf
[root@vm-gkuOA1801016 ~]# cp /etc/httpd/conf/httpd.conf /etc/httpd/conf/first.conf
[root@vm-gkuOA1801016 ~]# cp /etc/httpd/conf/httpd.conf /etc/httpd/conf/second.conf
[root@vm-gkuOA1801016 ~]# nano /etc/httpd/conf/second.conf
[root@vm-gkuOA1801016 ~]# systemctl start httpd@first
[root@vm-gkuOA1801016 ~]# systemctl start httpd@second
[root@vm-gkuOA1801016 ~]# ss -tnulp | grep httpd
tcp    LISTEN     0      128    [::]:8080               [::]:*                   users:(("httpd",pid=22262,fd=4),("httpd",pid=22261,fd=4),("httpd",pid=22260,fd=4),("httpd",pid=22259,fd=4),("httpd",pid=22258,fd=4),("httpd",pid=22257,fd=4))
tcp    LISTEN     0      128    [::]:80                 [::]:*                   users:(("httpd",pid=22206,fd=4),("httpd",pid=22205,fd=4),("httpd",pid=22204,fd=4),("httpd",pid=22203,fd=4),("httpd",pid=22202,fd=4),("httpd",pid=22201,fd=4))